<?xml version="1.0" encoding="UTF-8"?>
<testsuite xmlns:xsi="http://www.w3.org/2001/XMLSchema-instance" xsi:noNamespaceSchemaLocation="https://maven.apache.org/surefire/maven-surefire-plugin/xsd/surefire-test-report-3.0.xsd" version="3.0" name="sauceDemo.runners.TestRunner" time="16.11" tests="2" errors="0" skipped="0" failures="0">
  <properties>
[...]
</properties>
  <testcase name="Checkout Successful" classname="Sauce Demo Checkout" time="10.495">
    <system-out><![CDATA[
@checkout @validPurchase
Scenario: Checkout Successful                                                      # src/test/resources/features/checkout.feature:13
  When enter valid credentials                                                     # sauceDemo.stepdefinitions.LoginStepDefinition.enter_valid_credentials()
  And click on login button                                                        # sauceDemo.stepdefinitions.LoginStepDefinition.click_on_login_button()
  Then verify products title is displayed                                          # sauceDemo.stepdefinitions.LoginStepDefinition.verify_products_title_is_displayed()
  When I add products to the shopping cart and verify they were added successfully # sauceDemo.stepdefinitions.CheckoutStepDefinition.i_add_products_to_the_shopping_cart_and_verify_they_were_added_successfully(io.cucumber.datatable.DataTable)
    | Test.allTheThings() T-Shirt (Red) |
    | Sauce Labs Fleece Jacket          |
    | Sauce Labs Backpack               |
  And I click checkout                                                             # sauceDemo.stepdefinitions.CheckoutStepDefinition.i_click_checkout()
  Then I should be taken to Complete Checkout Page                                 # sauceDemo.stepdefinitions.CheckoutStepDefinition.i_should_be_taken_to_Complete_Checkout_Page()
  And Successful Message Displayed                                                 # sauceDemo.stepdefinitions.CheckoutStepDefinition.Successful_Message_Displayed()

    Embedding Checkout Successful [image/png 280692 bytes]

]]></system-out>
    <system-err><![CDATA[SLF4J: Failed to load class "org.slf4j.impl.StaticLoggerBinder".
SLF4J: Defaulting to no-operation (NOP) logger implementation
SLF4J: See http://www.slf4j.org/codes.html#StaticLoggerBinder for further details.
Starting ChromeDriver 109.0.5414.74 (e7c5703604daa9cc128ccf5a5d3e993513758913-refs/branch-heads/5414@{#1172}) on port 21808
Only local connections are allowed.
Please see https://chromedriver.chromium.org/security-considerations for suggestions on keeping ChromeDriver safe.
ChromeDriver was started successfully.
Feb 06, 2023 11:28:21 AM org.openqa.selenium.remote.ProtocolHandshake createSession
INFO: Detected dialect: W3C
]]></system-err>
  </testcase>
  <testcase name="Failed Checkout" classname="Sauce Demo Checkout" time="4.575">
    <system-out><![CDATA[
@checkout @invalidPurchase
Scenario: Failed Checkout                                                          # src/test/resources/features/checkout.feature:23
  When enter valid credentials                                                     # sauceDemo.stepdefinitions.LoginStepDefinition.enter_valid_credentials()
  And click on login button                                                        # sauceDemo.stepdefinitions.LoginStepDefinition.click_on_login_button()
  Then verify products title is displayed                                          # sauceDemo.stepdefinitions.LoginStepDefinition.verify_products_title_is_displayed()
  When I add products to the shopping cart and verify they were added successfully # sauceDemo.stepdefinitions.CheckoutStepDefinition.i_add_products_to_the_shopping_cart_and_verify_they_were_added_successfully(io.cucumber.datatable.DataTable)
    | Test.allTheThings() T-Shirt (Red) |
    | Sauce Labs Fleece Jacket          |
    | Sauce Labs Backpack               |
  And I click checkout                                                             # sauceDemo.stepdefinitions.CheckoutStepDefinition.i_click_checkout()
  Then I should be taken to enter personal info                                    # sauceDemo.stepdefinitions.CheckoutStepDefinition.i_should_be_taken_to_enter_personal_info()
  Then Verify Error Message Displayed                                              # sauceDemo.stepdefinitions.CheckoutStepDefinition.Verify_Error_Message_Displayed()

    Embedding Failed Checkout [image/png 54258 bytes]

]]></system-out>
    <system-err><![CDATA[Starting ChromeDriver 109.0.5414.74 (e7c5703604daa9cc128ccf5a5d3e993513758913-refs/branch-heads/5414@{#1172}) on port 4480
Only local connections are allowed.
Please see https://chromedriver.chromium.org/security-considerations for suggestions on keeping ChromeDriver safe.
ChromeDriver was started successfully.
Feb 06, 2023 11:28:28 AM org.openqa.selenium.remote.ProtocolHandshake createSession
INFO: Detected dialect: W3C
]]></system-err>
  </testcase>
</testsuite>